<?xml version="1.0" encoding="UTF-8"?>
<!-- Generated by org.testng.reporters.JUnitReportReporter -->
<testsuite hostname="Abdullah-Obaid" failures="0" tests="2" name="concepts.loginTest" time="16.081" errors="0" timestamp="2023-07-11T04:27:41 CDT" skipped="0">
  <testcase classname="concepts.loginTest" name="loginTest" time="5.328"/>
  <system-out/>
  <testcase classname="concepts.loginTest" name="addCustomer" time="10.753"/>
  <system-out/>
</testsuite> <!-- concepts.loginTest -->
